<?xml version="1.0" encoding="UTF-8"?>
<testng-results skipped="0" failed="0" ignored="0" total="1" passed="1">
  <reporter-output>
  </reporter-output>
  <suite name="nopcommerceV1" duration-ms="35026" started-at="2020-01-06T01:05:15Z" finished-at="2020-01-06T01:05:50Z">
    <groups>
    </groups>
    <test name="nopcommerceTest1" duration-ms="35026" started-at="2020-01-06T01:05:15Z" finished-at="2020-01-06T01:05:50Z">
      <class name="com.nopcommerce.testCases.TC_LoginTest_001">
        <test-method status="PASS" signature="setup(java.lang.String)[pri:0, instance:com.nopcommerce.testCases.TC_LoginTest_001@36d64342]" name="setup" is-config="true" duration-ms="8529" started-at="2020-01-06T01:05:15Z" finished-at="2020-01-06T01:05:23Z">
          <params>
            <param index="0">
              <value>
                <![CDATA[chrome]]>
              </value>
            </param>
          </params>
          <reporter-output>
          </reporter-output>
        </test-method> <!-- setup -->
        <test-method status="PASS" signature="loginTest()[pri:0, instance:com.nopcommerce.testCases.TC_LoginTest_001@36d64342]" name="loginTest" duration-ms="24925" started-at="2020-01-06T01:05:23Z" finished-at="2020-01-06T01:05:48Z">
          <reporter-output>
          </reporter-output>
        </test-method> <!-- loginTest -->
        <test-method status="PASS" signature="tearDown()[pri:0, instance:com.nopcommerce.testCases.TC_LoginTest_001@36d64342]" name="tearDown" is-config="true" duration-ms="1178" started-at="2020-01-06T01:05:48Z" finished-at="2020-01-06T01:05:50Z">
          <reporter-output>
          </reporter-output>
        </test-method> <!-- tearDown -->
      </class> <!-- com.nopcommerce.testCases.TC_LoginTest_001 -->
    </test> <!-- nopcommerceTest1 -->
  </suite> <!-- nopcommerceV1 -->
</testng-results>
