<?xml version="1.0" encoding="UTF-8"?>
<testng-results skipped="0" failed="0" ignored="0" total="1" passed="1">
  <reporter-output>
  </reporter-output>
  <suite name="nopcommerceV1" duration-ms="29105" started-at="2020-01-04T18:10:39Z" finished-at="2020-01-04T18:11:08Z">
    <groups>
    </groups>
    <test name="nopcommerceTest1" duration-ms="29105" started-at="2020-01-04T18:10:39Z" finished-at="2020-01-04T18:11:08Z">
      <class name="com.nopcommerce.testCases.TC_LoginTest_001">
        <test-method status="PASS" signature="setup(java.lang.String)[pri:0, instance:com.nopcommerce.testCases.TC_LoginTest_001@36d64342]" name="setup" is-config="true" duration-ms="9099" started-at="2020-01-04T18:10:40Z" finished-at="2020-01-04T18:10:49Z">
          <params>
            <param index="0">
              <value>
                <![CDATA[chrome]]>
              </value>
            </param>
          </params>
          <reporter-output>
          </reporter-output>
        </test-method> <!-- setup -->
        <test-method status="PASS" signature="loginTest()[pri:0, instance:com.nopcommerce.testCases.TC_LoginTest_001@36d64342]" name="loginTest" duration-ms="18686" started-at="2020-01-04T18:10:49Z" finished-at="2020-01-04T18:11:07Z">
          <reporter-output>
          </reporter-output>
        </test-method> <!-- loginTest -->
        <test-method status="PASS" signature="tearDown()[pri:0, instance:com.nopcommerce.testCases.TC_LoginTest_001@36d64342]" name="tearDown" is-config="true" duration-ms="806" started-at="2020-01-04T18:11:08Z" finished-at="2020-01-04T18:11:08Z">
          <reporter-output>
          </reporter-output>
        </test-method> <!-- tearDown -->
      </class> <!-- com.nopcommerce.testCases.TC_LoginTest_001 -->
    </test> <!-- nopcommerceTest1 -->
  </suite> <!-- nopcommerceV1 -->
</testng-results>
